<?xml version="1.0" encoding="UTF-8"?>
<testsuite errors="0" failures="4" name="Incomplete" file="/home/data/www/jeff/github/BehatToolsBundle/Tests/resources/features/incomplete.feature" tests="15" time="0.008582">
    <testcase classname="Incomplete" name="never-tested - correct scenario 1" time="0.000979">
    </testcase>
    <testcase classname="Incomplete" name="never-tested - incorrect scenario 2" time="0.003714">
        <failure message="Undefined step &quot;anything not defined&quot;" type="undefined"><![CDATA[
exception 'Behat\Behat\Exception\UndefinedException' with message 'Undefined step "anything not defined"' in /usr/local/lib/php/behat/src/Behat/Behat/Definition/DefinitionDispatcher.php:192
Stack trace:
#0 /usr/local/lib/php/behat/src/Behat/Behat/Tester/StepTester.php(141): Behat\Behat\Definition\DefinitionDispatcher->findDefinition(Object(FeatureContext), Object(Behat\Gherkin\Node\StepNode))
#1 /usr/local/lib/php/behat/src/Behat/Behat/Tester/StepTester.php(119): Behat\Behat\Tester\StepTester->executeStep(Object(Behat\Gherkin\Node\StepNode))
#2 /usr/local/lib/php/gherkin/src/Behat/Gherkin/Node/AbstractNode.php(42): Behat\Behat\Tester\StepTester->visit(Object(Behat\Gherkin\Node\StepNode))
#3 /usr/local/lib/php/behat/src/Behat/Behat/Tester/ScenarioTester.php(159): Behat\Gherkin\Node\AbstractNode->accept(Object(Behat\Behat\Tester\StepTester))
#4 /usr/local/lib/php/behat/src/Behat/Behat/Tester/ScenarioTester.php(103): Behat\Behat\Tester\ScenarioTester->visitStep(Object(Behat\Gherkin\Node\StepNode), Object(FeatureContext), Array, false)
#5 /usr/local/lib/php/gherkin/src/Behat/Gherkin/Node/AbstractNode.php(42): Behat\Behat\Tester\ScenarioTester->visit(Object(Behat\Gherkin\Node\ScenarioNode))
#6 /usr/local/lib/php/behat/src/Behat/Behat/Tester/FeatureTester.php(108): Behat\Gherkin\Node\AbstractNode->accept(Object(Behat\Behat\Tester\ScenarioTester))
#7 /usr/local/lib/php/gherkin/src/Behat/Gherkin/Node/AbstractNode.php(42): Behat\Behat\Tester\FeatureTester->visit(Object(Behat\Gherkin\Node\FeatureNode))
#8 /usr/local/lib/php/behat/src/Behat/Behat/Runner.php(183): Behat\Gherkin\Node\AbstractNode->accept(Object(Behat\Behat\Tester\FeatureTester))
#9 /usr/local/lib/php/behat/src/Behat/Behat/Runner.php(160): Behat\Behat\Runner->runFeatures(Object(Behat\Gherkin\Gherkin), Array)
#10 /usr/local/lib/php/behat/src/Behat/Behat/Console/Command/BehatCommand.php(80): Behat\Behat\Runner->runSuite()
#11 /usr/local/lib/php/Symfony/Component/Console/Command/Command.php(224): Behat\Behat\Console\Command\BehatCommand->execute(Object(Symfony\Component\Console\Input\ArgvInput), Object(Symfony\Component\Console\Output\ConsoleOutput))
#12 /usr/local/lib/php/Symfony/Component/Console/Application.php(194): Symfony\Component\Console\Command\Command->run(Object(Symfony\Component\Console\Input\ArgvInput), Object(Symfony\Component\Console\Output\ConsoleOutput))
#13 /usr/local/lib/php/Symfony/Component/Console/Application.php(118): Symfony\Component\Console\Application->doRun(Object(Symfony\Component\Console\Input\ArgvInput), Object(Symfony\Component\Console\Output\ConsoleOutput))
#14 /usr/local/bin/behat(27): Symfony\Component\Console\Application->run()
#15 {main}
]]></failure>
    </testcase>
    <testcase classname="Incomplete" name="never-tested - incorrect scenario 3" time="0.001358">
        <failure message="Undefined step &quot;anything not defined&quot;" type="undefined"><![CDATA[
exception 'Behat\Behat\Exception\UndefinedException' with message 'Undefined step "anything not defined"' in /usr/local/lib/php/behat/src/Behat/Behat/Definition/DefinitionDispatcher.php:192
Stack trace:
#0 /usr/local/lib/php/behat/src/Behat/Behat/Tester/StepTester.php(141): Behat\Behat\Definition\DefinitionDispatcher->findDefinition(Object(FeatureContext), Object(Behat\Gherkin\Node\StepNode))
#1 /usr/local/lib/php/behat/src/Behat/Behat/Tester/StepTester.php(119): Behat\Behat\Tester\StepTester->executeStep(Object(Behat\Gherkin\Node\StepNode))
#2 /usr/local/lib/php/gherkin/src/Behat/Gherkin/Node/AbstractNode.php(42): Behat\Behat\Tester\StepTester->visit(Object(Behat\Gherkin\Node\StepNode))
#3 /usr/local/lib/php/behat/src/Behat/Behat/Tester/ScenarioTester.php(159): Behat\Gherkin\Node\AbstractNode->accept(Object(Behat\Behat\Tester\StepTester))
#4 /usr/local/lib/php/behat/src/Behat/Behat/Tester/ScenarioTester.php(103): Behat\Behat\Tester\ScenarioTester->visitStep(Object(Behat\Gherkin\Node\StepNode), Object(FeatureContext), Array, false)
#5 /usr/local/lib/php/gherkin/src/Behat/Gherkin/Node/AbstractNode.php(42): Behat\Behat\Tester\ScenarioTester->visit(Object(Behat\Gherkin\Node\ScenarioNode))
#6 /usr/local/lib/php/behat/src/Behat/Behat/Tester/FeatureTester.php(108): Behat\Gherkin\Node\AbstractNode->accept(Object(Behat\Behat\Tester\ScenarioTester))
#7 /usr/local/lib/php/gherkin/src/Behat/Gherkin/Node/AbstractNode.php(42): Behat\Behat\Tester\FeatureTester->visit(Object(Behat\Gherkin\Node\FeatureNode))
#8 /usr/local/lib/php/behat/src/Behat/Behat/Runner.php(183): Behat\Gherkin\Node\AbstractNode->accept(Object(Behat\Behat\Tester\FeatureTester))
#9 /usr/local/lib/php/behat/src/Behat/Behat/Runner.php(160): Behat\Behat\Runner->runFeatures(Object(Behat\Gherkin\Gherkin), Array)
#10 /usr/local/lib/php/behat/src/Behat/Behat/Console/Command/BehatCommand.php(80): Behat\Behat\Runner->runSuite()
#11 /usr/local/lib/php/Symfony/Component/Console/Command/Command.php(224): Behat\Behat\Console\Command\BehatCommand->execute(Object(Symfony\Component\Console\Input\ArgvInput), Object(Symfony\Component\Console\Output\ConsoleOutput))
#12 /usr/local/lib/php/Symfony/Component/Console/Application.php(194): Symfony\Component\Console\Command\Command->run(Object(Symfony\Component\Console\Input\ArgvInput), Object(Symfony\Component\Console\Output\ConsoleOutput))
#13 /usr/local/lib/php/Symfony/Component/Console/Application.php(118): Symfony\Component\Console\Application->doRun(Object(Symfony\Component\Console\Input\ArgvInput), Object(Symfony\Component\Console\Output\ConsoleOutput))
#14 /usr/local/bin/behat(27): Symfony\Component\Console\Application->run()
#15 {main}
]]></failure>
    </testcase>
    <testcase classname="Incomplete" name="never-tested - correct scenario 4" time="0.001522">
        <failure message="Undefined step &quot;anything not defined&quot;" type="undefined"><![CDATA[
exception 'Behat\Behat\Exception\UndefinedException' with message 'Undefined step "anything not defined"' in /usr/local/lib/php/behat/src/Behat/Behat/Definition/DefinitionDispatcher.php:192
Stack trace:
#0 /usr/local/lib/php/behat/src/Behat/Behat/Tester/StepTester.php(141): Behat\Behat\Definition\DefinitionDispatcher->findDefinition(Object(FeatureContext), Object(Behat\Gherkin\Node\StepNode))
#1 /usr/local/lib/php/behat/src/Behat/Behat/Tester/StepTester.php(119): Behat\Behat\Tester\StepTester->executeStep(Object(Behat\Gherkin\Node\StepNode))
#2 /usr/local/lib/php/gherkin/src/Behat/Gherkin/Node/AbstractNode.php(42): Behat\Behat\Tester\StepTester->visit(Object(Behat\Gherkin\Node\StepNode))
#3 /usr/local/lib/php/behat/src/Behat/Behat/Tester/ScenarioTester.php(159): Behat\Gherkin\Node\AbstractNode->accept(Object(Behat\Behat\Tester\StepTester))
#4 /usr/local/lib/php/behat/src/Behat/Behat/Tester/ScenarioTester.php(103): Behat\Behat\Tester\ScenarioTester->visitStep(Object(Behat\Gherkin\Node\StepNode), Object(FeatureContext), Array, false)
#5 /usr/local/lib/php/gherkin/src/Behat/Gherkin/Node/AbstractNode.php(42): Behat\Behat\Tester\ScenarioTester->visit(Object(Behat\Gherkin\Node\ScenarioNode))
#6 /usr/local/lib/php/behat/src/Behat/Behat/Tester/FeatureTester.php(108): Behat\Gherkin\Node\AbstractNode->accept(Object(Behat\Behat\Tester\ScenarioTester))
#7 /usr/local/lib/php/gherkin/src/Behat/Gherkin/Node/AbstractNode.php(42): Behat\Behat\Tester\FeatureTester->visit(Object(Behat\Gherkin\Node\FeatureNode))
#8 /usr/local/lib/php/behat/src/Behat/Behat/Runner.php(183): Behat\Gherkin\Node\AbstractNode->accept(Object(Behat\Behat\Tester\FeatureTester))
#9 /usr/local/lib/php/behat/src/Behat/Behat/Runner.php(160): Behat\Behat\Runner->runFeatures(Object(Behat\Gherkin\Gherkin), Array)
#10 /usr/local/lib/php/behat/src/Behat/Behat/Console/Command/BehatCommand.php(80): Behat\Behat\Runner->runSuite()
#11 /usr/local/lib/php/Symfony/Component/Console/Command/Command.php(224): Behat\Behat\Console\Command\BehatCommand->execute(Object(Symfony\Component\Console\Input\ArgvInput), Object(Symfony\Component\Console\Output\ConsoleOutput))
#12 /usr/local/lib/php/Symfony/Component/Console/Application.php(194): Symfony\Component\Console\Command\Command->run(Object(Symfony\Component\Console\Input\ArgvInput), Object(Symfony\Component\Console\Output\ConsoleOutput))
#13 /usr/local/lib/php/Symfony/Component/Console/Application.php(118): Symfony\Component\Console\Application->doRun(Object(Symfony\Component\Console\Input\ArgvInput), Object(Symfony\Component\Console\Output\ConsoleOutput))
#14 /usr/local/bin/behat(27): Symfony\Component\Console\Application->run()
#15 {main}
]]></failure>
        <failure message="Undefined step &quot;anything not defined&quot;" type="undefined"><![CDATA[
exception 'Behat\Behat\Exception\UndefinedException' with message 'Undefined step "anything not defined"' in /usr/local/lib/php/behat/src/Behat/Behat/Definition/DefinitionDispatcher.php:192
Stack trace:
#0 /usr/local/lib/php/behat/src/Behat/Behat/Tester/StepTester.php(141): Behat\Behat\Definition\DefinitionDispatcher->findDefinition(Object(FeatureContext), Object(Behat\Gherkin\Node\StepNode))
#1 /usr/local/lib/php/behat/src/Behat/Behat/Tester/StepTester.php(119): Behat\Behat\Tester\StepTester->executeStep(Object(Behat\Gherkin\Node\StepNode))
#2 /usr/local/lib/php/gherkin/src/Behat/Gherkin/Node/AbstractNode.php(42): Behat\Behat\Tester\StepTester->visit(Object(Behat\Gherkin\Node\StepNode))
#3 /usr/local/lib/php/behat/src/Behat/Behat/Tester/ScenarioTester.php(159): Behat\Gherkin\Node\AbstractNode->accept(Object(Behat\Behat\Tester\StepTester))
#4 /usr/local/lib/php/behat/src/Behat/Behat/Tester/ScenarioTester.php(103): Behat\Behat\Tester\ScenarioTester->visitStep(Object(Behat\Gherkin\Node\StepNode), Object(FeatureContext), Array, true)
#5 /usr/local/lib/php/gherkin/src/Behat/Gherkin/Node/AbstractNode.php(42): Behat\Behat\Tester\ScenarioTester->visit(Object(Behat\Gherkin\Node\ScenarioNode))
#6 /usr/local/lib/php/behat/src/Behat/Behat/Tester/FeatureTester.php(108): Behat\Gherkin\Node\AbstractNode->accept(Object(Behat\Behat\Tester\ScenarioTester))
#7 /usr/local/lib/php/gherkin/src/Behat/Gherkin/Node/AbstractNode.php(42): Behat\Behat\Tester\FeatureTester->visit(Object(Behat\Gherkin\Node\FeatureNode))
#8 /usr/local/lib/php/behat/src/Behat/Behat/Runner.php(183): Behat\Gherkin\Node\AbstractNode->accept(Object(Behat\Behat\Tester\FeatureTester))
#9 /usr/local/lib/php/behat/src/Behat/Behat/Runner.php(160): Behat\Behat\Runner->runFeatures(Object(Behat\Gherkin\Gherkin), Array)
#10 /usr/local/lib/php/behat/src/Behat/Behat/Console/Command/BehatCommand.php(80): Behat\Behat\Runner->runSuite()
#11 /usr/local/lib/php/Symfony/Component/Console/Command/Command.php(224): Behat\Behat\Console\Command\BehatCommand->execute(Object(Symfony\Component\Console\Input\ArgvInput), Object(Symfony\Component\Console\Output\ConsoleOutput))
#12 /usr/local/lib/php/Symfony/Component/Console/Application.php(194): Symfony\Component\Console\Command\Command->run(Object(Symfony\Component\Console\Input\ArgvInput), Object(Symfony\Component\Console\Output\ConsoleOutput))
#13 /usr/local/lib/php/Symfony/Component/Console/Application.php(118): Symfony\Component\Console\Application->doRun(Object(Symfony\Component\Console\Input\ArgvInput), Object(Symfony\Component\Console\Output\ConsoleOutput))
#14 /usr/local/bin/behat(27): Symfony\Component\Console\Application->run()
#15 {main}
]]></failure>
    </testcase>
</testsuite>
